12272021 01:26:16 PM: INFO: ***************Test_001_Login*******
12272021 01:26:18 PM: INFO: ***************Home page Title Passed *******
12272021 01:59:16 PM: INFO: ***************Test_001_Login*******
12272021 01:59:19 PM: INFO: ***************Home page Title Passed *******
12272021 02:07:26 PM: INFO: ***************Test_001_Login*******
12272021 02:07:28 PM: INFO: ***************Home page Title Passed *******
12272021 02:12:25 PM: INFO: ***************Test_001_Login*******
12272021 02:12:27 PM: INFO: ***************Home page Title Passed *******
12282021 11:18:38 AM: INFO: ***************Test_001_Login*******
12282021 11:18:40 AM: INFO: ***************Home page Title Passed *******
12282021 11:30:47 AM: INFO: ***************Test_001_Login*******
12282021 11:39:18 AM: INFO: ***************Test_001_Login*******
12282021 11:39:25 AM: INFO: ***************Home page Title Passed *******
12282021 11:49:16 AM: INFO: ***************Test_001_Login*******
12282021 11:49:19 AM: INFO: ***************Home page Title Passed *******
12282021 11:51:40 AM: INFO: ************* Test_003_AddCustomer **********
12282021 11:51:43 AM: INFO: ***************Test_001_Login*******
12282021 11:51:45 AM: INFO: ***************Home page Title Passed *******
12282021 11:51:56 AM: INFO: ******* Starting Test_002_DDT_Login Test **********
12282021 11:51:56 AM: INFO: ******* Starting Login DDT Test **********
12282021 11:52:01 AM: INFO: ************* SearchCustomerByEmail_004 **********
12282021 11:52:04 AM: INFO: ************* SearchCustomerByName_005 **********
12282021 11:54:28 AM: INFO: ************* Test_003_AddCustomer **********
12282021 11:54:34 AM: INFO: ************* Login succesful **********
12282021 11:54:34 AM: INFO: ******* Starting Add Customer Test **********
12282021 11:54:37 AM: INFO: ***************Test_001_Login*******
12282021 11:54:39 AM: INFO: ***************Home page Title Passed *******
12282021 11:54:54 AM: INFO: ******* Starting Test_002_DDT_Login Test **********
12282021 11:54:54 AM: INFO: ******* Starting Login DDT Test **********
12282021 11:55:06 AM: INFO: **** passed ****
12282021 11:55:09 AM: INFO: ************* SearchCustomerByEmail_004 **********
12282021 11:55:16 AM: INFO: ************* Login succesful **********
12282021 11:55:16 AM: INFO: ******* Starting Search Customer By Email **********
12282021 11:55:18 AM: INFO: ************* SearchCustomerByName_005 **********
12282021 11:55:26 AM: INFO: ************* Login succesful **********
12282021 11:55:26 AM: INFO: ******* Starting Search Customer By Name **********
12282021 12:08:23 PM: INFO: ************* Test_003_AddCustomer **********
12282021 12:08:32 PM: INFO: ************* Login succesful **********
12282021 12:08:32 PM: INFO: ******* Starting Add Customer Test **********
12282021 12:17:44 PM: INFO: ************* Test_003_AddCustomer **********
12282021 12:17:51 PM: INFO: ************* Login succesful **********
12282021 12:17:51 PM: INFO: ******* Starting Add Customer Test **********
12282021 12:19:33 PM: INFO: ************* Test_003_AddCustomer **********
12282021 12:19:45 PM: INFO: ************* Login succesful **********
12282021 12:19:45 PM: INFO: ******* Starting Add Customer Test **********
12282021 12:19:48 PM: INFO: ************* Providing customer info **********
12282021 12:21:31 PM: INFO: ************* Test_003_AddCustomer **********
12282021 12:21:40 PM: INFO: ************* Login succesful **********
12282021 12:21:40 PM: INFO: ******* Starting Add Customer Test **********
12282021 12:21:44 PM: INFO: ************* Providing customer info **********
12282021 12:24:38 PM: INFO: ************* Test_003_AddCustomer **********
12282021 12:24:49 PM: INFO: ************* Login succesful **********
12282021 12:24:49 PM: INFO: ******* Starting Add Customer Test **********
12282021 12:25:24 PM: INFO: ************* Test_003_AddCustomer **********
12282021 12:25:32 PM: INFO: ************* Login succesful **********
12282021 12:25:32 PM: INFO: ******* Starting Add Customer Test **********
12282021 12:25:35 PM: INFO: ************* Providing customer info **********
12282021 12:32:47 PM: INFO: ************* Test_003_AddCustomer **********
12282021 12:32:56 PM: INFO: ************* Login succesful **********
12282021 12:32:56 PM: INFO: ******* Starting Add Customer Test **********
12282021 12:33:00 PM: INFO: ************* Providing customer info **********
12282021 12:33:12 PM: INFO: ************* Saving customer info **********
12282021 12:33:12 PM: INFO: ********* Add customer validation started *****************
12282021 12:33:13 PM: INFO: ********* Add customer Test Passed *********
12282021 12:33:13 PM: INFO: ******* Ending Add customer test **********
12282021 12:34:52 PM: INFO: ************* SearchCustomerByEmail_004 **********
12282021 12:35:00 PM: INFO: ************* Login succesful **********
12282021 12:35:00 PM: INFO: ******* Starting Search Customer By Email **********
12282021 12:35:02 PM: INFO: ************* searching customer by emailID **********
12282021 12:35:08 PM: INFO: ***************  TC_SearchCustomerByEmail_004 Finished  *********** 
12282021 12:36:48 PM: INFO: ************* SearchCustomerByName_005 **********
12282021 12:36:57 PM: INFO: ************* Login succesful **********
12282021 12:36:57 PM: INFO: ******* Starting Search Customer By Name **********
12282021 12:37:01 PM: INFO: ************* searching customer by Name **********
12282021 12:37:06 PM: INFO: ***************  TC_SearchCustomerByName_005 Finished  *********** 
12282021 12:56:10 PM: INFO: ************* Test_003_AddCustomer **********
12282021 12:56:21 PM: INFO: ************* Login succesful **********
12282021 12:56:21 PM: INFO: ******* Starting Add Customer Test **********
12282021 12:56:25 PM: INFO: ************* Providing customer info **********
12302021 05:37:14 AM: INFO: ***************Test_001_Login*******
12302021 05:37:17 AM: INFO: ***************Home page Title Passed *******
12302021 07:16:19 AM: INFO: ************* Test_003_AddCustomer **********
12302021 07:16:24 AM: INFO: ************* Login succesful **********
12302021 07:16:24 AM: INFO: ******* Starting Add Customer Test **********
12302021 07:16:27 AM: INFO: ************* Providing customer info **********
12302021 07:16:37 AM: INFO: ***************Test_001_Login*******
12302021 07:16:39 AM: INFO: ***************Home page Title Passed *******
12302021 07:16:48 AM: INFO: ******* Starting Test_002_DDT_Login Test **********
12302021 07:16:48 AM: INFO: ******* Starting Login DDT Test **********
12302021 07:16:59 AM: INFO: **** passed ****
12302021 07:17:01 AM: INFO: ************* SearchCustomerByEmail_004 **********
12302021 07:17:06 AM: INFO: ************* Login succesful **********
12302021 07:17:06 AM: INFO: ******* Starting Search Customer By Email **********
12302021 07:17:09 AM: INFO: ************* searching customer by emailID **********
12302021 07:17:15 AM: INFO: ***************  TC_SearchCustomerByEmail_004 Finished  *********** 
12302021 07:17:17 AM: INFO: ************* SearchCustomerByName_005 **********
12302021 07:17:23 AM: INFO: ************* Login succesful **********
12302021 07:17:23 AM: INFO: ******* Starting Search Customer By Name **********
12302021 07:17:26 AM: INFO: ************* searching customer by Name **********
12302021 07:17:32 AM: INFO: ***************  TC_SearchCustomerByName_005 Finished  *********** 
12302021 07:19:03 AM: INFO: ************* Test_003_AddCustomer **********
12302021 07:19:09 AM: INFO: ************* Login succesful **********
12302021 07:19:09 AM: INFO: ******* Starting Add Customer Test **********
12302021 07:19:13 AM: INFO: ************* Providing customer info **********
12302021 07:19:22 AM: INFO: ***************Test_001_Login*******
12302021 07:19:24 AM: INFO: ***************Home page Title Passed *******
12302021 07:19:32 AM: INFO: ******* Starting Test_002_DDT_Login Test **********
12302021 07:19:32 AM: INFO: ******* Starting Login DDT Test **********
12302021 07:19:42 AM: INFO: **** passed ****
12302021 07:19:44 AM: INFO: ************* SearchCustomerByEmail_004 **********
12302021 07:19:50 AM: INFO: ************* Login succesful **********
12302021 07:19:50 AM: INFO: ******* Starting Search Customer By Email **********
12302021 07:19:52 AM: INFO: ************* searching customer by emailID **********
12302021 07:19:58 AM: INFO: ***************  TC_SearchCustomerByEmail_004 Finished  *********** 
12302021 07:20:00 AM: INFO: ************* SearchCustomerByName_005 **********
12302021 07:20:06 AM: INFO: ************* Login succesful **********
12302021 07:20:06 AM: INFO: ******* Starting Search Customer By Name **********
12302021 07:20:10 AM: INFO: ************* searching customer by Name **********
12302021 07:20:16 AM: INFO: ***************  TC_SearchCustomerByName_005 Finished  *********** 
12302021 07:22:41 AM: INFO: ************* Test_003_AddCustomer **********
12302021 07:22:47 AM: INFO: ************* Login succesful **********
12302021 07:22:47 AM: INFO: ******* Starting Add Customer Test **********
12302021 07:22:50 AM: INFO: ************* Providing customer info **********
12302021 07:23:00 AM: INFO: ***************Test_001_Login*******
12302021 07:23:02 AM: INFO: ***************Home page Title Passed *******
12302021 07:23:14 AM: INFO: ******* Starting Test_002_DDT_Login Test **********
12302021 07:23:14 AM: INFO: ******* Starting Login DDT Test **********
12302021 07:23:25 AM: INFO: **** passed ****
12302021 07:23:34 AM: INFO: **** passed ****
12302021 07:23:36 AM: INFO: ************* SearchCustomerByEmail_004 **********
12302021 07:23:42 AM: INFO: ************* Login succesful **********
12302021 07:23:42 AM: INFO: ******* Starting Search Customer By Email **********
12302021 07:23:44 AM: INFO: ************* searching customer by emailID **********
12302021 07:23:49 AM: INFO: ***************  TC_SearchCustomerByEmail_004 Finished  *********** 
12302021 07:23:51 AM: INFO: ************* SearchCustomerByName_005 **********
12302021 07:23:57 AM: INFO: ************* Login succesful **********
12302021 07:23:57 AM: INFO: ******* Starting Search Customer By Name **********
12302021 07:24:01 AM: INFO: ************* searching customer by Name **********
12302021 07:24:06 AM: INFO: ***************  TC_SearchCustomerByName_005 Finished  *********** 
12302021 07:25:41 AM: INFO: ************* Test_003_AddCustomer **********
12302021 07:25:45 AM: INFO: ************* Login succesful **********
12302021 07:25:45 AM: INFO: ******* Starting Add Customer Test **********
12302021 07:25:48 AM: INFO: ************* Providing customer info **********
12302021 07:25:57 AM: INFO: ***************Test_001_Login*******
12302021 07:25:59 AM: INFO: ***************Home page Title Passed *******
12302021 07:26:07 AM: INFO: ******* Starting Test_002_DDT_Login Test **********
12302021 07:26:07 AM: INFO: ******* Starting Login DDT Test **********
12302021 07:26:18 AM: INFO: **** passed ****
12302021 07:26:25 AM: INFO: **** passed ****
12302021 07:26:27 AM: INFO: ************* SearchCustomerByEmail_004 **********
12302021 07:26:33 AM: INFO: ************* Login succesful **********
12302021 07:26:33 AM: INFO: ******* Starting Search Customer By Email **********
12302021 07:26:35 AM: INFO: ************* searching customer by emailID **********
12302021 07:26:41 AM: INFO: ***************  TC_SearchCustomerByEmail_004 Finished  *********** 
12302021 07:26:42 AM: INFO: ************* SearchCustomerByName_005 **********
12302021 07:26:49 AM: INFO: ************* Login succesful **********
12302021 07:26:49 AM: INFO: ******* Starting Search Customer By Name **********
12302021 07:26:52 AM: INFO: ************* searching customer by Name **********
12302021 07:26:58 AM: INFO: ***************  TC_SearchCustomerByName_005 Finished  *********** 
01012022 09:16:50 AM: INFO: ************* Test_003_AddCustomer **********
01012022 09:17:03 AM: INFO: ************* Login succesful **********
01012022 09:17:03 AM: INFO: ******* Starting Add Customer Test **********
01012022 09:17:08 AM: INFO: ************* Providing customer info **********
01012022 09:17:18 AM: INFO: ***************Test_001_Login*******
01012022 09:17:20 AM: INFO: ***************Home page Title Passed *******
01012022 09:17:30 AM: INFO: ******* Starting Test_002_DDT_Login Test **********
01012022 09:17:30 AM: INFO: ******* Starting Login DDT Test **********
01012022 09:17:41 AM: INFO: **** passed ****
01012022 09:17:50 AM: INFO: **** passed ****
01012022 09:17:52 AM: INFO: ************* SearchCustomerByEmail_004 **********
01012022 09:17:58 AM: INFO: ************* Login succesful **********
01012022 09:17:58 AM: INFO: ******* Starting Search Customer By Email **********
01012022 09:18:00 AM: INFO: ************* searching customer by emailID **********
01012022 09:18:06 AM: INFO: ***************  TC_SearchCustomerByEmail_004 Finished  *********** 
01012022 09:18:07 AM: INFO: ************* SearchCustomerByName_005 **********
01012022 09:18:16 AM: INFO: ************* Login succesful **********
01012022 09:18:16 AM: INFO: ******* Starting Search Customer By Name **********
01012022 09:18:20 AM: INFO: ************* searching customer by Name **********
01012022 09:18:25 AM: INFO: ***************  TC_SearchCustomerByName_005 Finished  *********** 
01012022 12:56:34 PM: INFO: ************* Test_003_AddCustomer **********
01012022 12:56:42 PM: INFO: ************* Login succesful **********
01012022 12:56:42 PM: INFO: ******* Starting Add Customer Test **********
01012022 12:56:48 PM: INFO: ************* Providing customer info **********
01012022 12:56:58 PM: INFO: ***************Test_001_Login*******
01012022 12:56:59 PM: INFO: ***************Home page Title Passed *******
01012022 12:57:10 PM: INFO: ******* Starting Test_002_DDT_Login Test **********
01012022 12:57:10 PM: INFO: ******* Starting Login DDT Test **********
01012022 12:57:22 PM: INFO: **** passed ****
01012022 12:57:30 PM: INFO: **** passed ****
01012022 12:57:33 PM: INFO: ************* SearchCustomerByEmail_004 **********
01012022 12:57:41 PM: INFO: ************* Login succesful **********
01012022 12:57:41 PM: INFO: ******* Starting Search Customer By Email **********
01012022 12:57:44 PM: INFO: ************* searching customer by emailID **********
01012022 12:57:49 PM: INFO: ***************  TC_SearchCustomerByEmail_004 Finished  *********** 
01012022 12:57:51 PM: INFO: ************* SearchCustomerByName_005 **********
01012022 12:57:59 PM: INFO: ************* Login succesful **********
01012022 12:57:59 PM: INFO: ******* Starting Search Customer By Name **********
01012022 12:58:04 PM: INFO: ************* searching customer by Name **********
01012022 12:58:10 PM: INFO: ***************  TC_SearchCustomerByName_005 Finished  *********** 
01012022 01:00:03 PM: INFO: ************* Test_003_AddCustomer **********
01012022 01:00:11 PM: INFO: ************* Login succesful **********
01012022 01:00:11 PM: INFO: ******* Starting Add Customer Test **********
01012022 01:00:15 PM: INFO: ************* Providing customer info **********
01012022 01:00:30 PM: INFO: ************* Saving customer info **********
01012022 01:00:30 PM: INFO: ********* Add customer validation started *****************
01012022 01:00:31 PM: INFO: ********* Add customer Test Passed *********
01012022 01:00:31 PM: INFO: ******* Ending Add customer test **********
01012022 02:22:50 PM: INFO: ************* Test_003_AddCustomer **********
01012022 02:22:58 PM: INFO: ************* Login succesful **********
01012022 02:22:58 PM: INFO: ******* Starting Add Customer Test **********
01012022 02:23:01 PM: INFO: ***************Test_001_Login*******
01012022 02:23:03 PM: INFO: ***************Home page Title Passed *******
01012022 02:23:16 PM: INFO: ******* Starting Test_002_DDT_Login Test **********
01012022 02:23:16 PM: INFO: ******* Starting Login DDT Test **********
01012022 02:23:27 PM: INFO: **** passed ****
01012022 02:23:38 PM: INFO: **** passed ****
01012022 02:23:40 PM: INFO: ************* SearchCustomerByEmail_004 **********
01012022 02:23:49 PM: INFO: ************* Login succesful **********
01012022 02:23:49 PM: INFO: ******* Starting Search Customer By Email **********
01012022 02:23:52 PM: INFO: ************* SearchCustomerByName_005 **********
01012022 02:24:00 PM: INFO: ************* Login succesful **********
01012022 02:24:00 PM: INFO: ******* Starting Search Customer By Name **********
01012022 02:24:20 PM: INFO: ************* Test_003_AddCustomer **********
01012022 02:24:28 PM: INFO: ************* Login succesful **********
01012022 02:24:28 PM: INFO: ******* Starting Add Customer Test **********
01012022 02:24:31 PM: INFO: ***************Test_001_Login*******
01012022 02:24:33 PM: INFO: ***************Home page Title Passed *******
01012022 02:24:47 PM: INFO: ******* Starting Test_002_DDT_Login Test **********
01012022 02:24:47 PM: INFO: ******* Starting Login DDT Test **********
01012022 02:25:00 PM: INFO: **** passed ****
01012022 02:25:08 PM: INFO: **** passed ****
01012022 02:25:11 PM: INFO: ************* SearchCustomerByEmail_004 **********
01012022 02:25:20 PM: INFO: ************* Login succesful **********
01012022 02:25:20 PM: INFO: ******* Starting Search Customer By Email **********
01012022 02:25:23 PM: INFO: ************* SearchCustomerByName_005 **********
01012022 02:25:31 PM: INFO: ************* Login succesful **********
01012022 02:25:31 PM: INFO: ******* Starting Search Customer By Name **********
01012022 02:30:17 PM: INFO: ***************Test_001_Login*******
01012022 02:30:23 PM: INFO: ***************Home page Title Passed *******
